<?xml version="1.0" encoding="UTF-8"?>
<!-- Generated by org.testng.reporters.JUnitXMLReporter -->
<testsuite hostname="USHYDMOMUJAHI8" ignored="0" name="Default test" tests="6" failures="0" timestamp="28 Dec 2019 14:16:54 GMT" time="180.483" errors="0">
  <testcase name="indexPageTest1" time="0.622" classname="com.qa.testcases.IndexPageTest"/>
  <testcase name="indexPageTest2" time="0.133" classname="com.qa.testcases.IndexPageTest"/>
  <testcase name="indexPageTest3" time="0.863" classname="com.qa.testcases.IndexPageTest"/>
  <testcase name="indexPageTest4" time="0.077" classname="com.qa.testcases.IndexPageTest"/>
  <testcase name="indexPageTest5" time="1.669" classname="com.qa.testcases.IndexPageTest"/>
  <testcase name="indexPageTest6" time="0.17" classname="com.qa.testcases.IndexPageTest"/>
</testsuite> <!-- Default test -->
