<?xml version="1.0" encoding="UTF-8"?>
<!-- Generated by org.testng.reporters.JUnitReportReporter -->
<testsuite skipped="0" hostname="USHYDMOMUJAHI8" name="com.qa.testcases.IndexPageTest" tests="6" failures="0" timestamp="28 Dec 2019 14:16:55 GMT" time="180.425" errors="0">
  <testcase name="indexPageTest1" time="28.686" classname="com.qa.testcases.IndexPageTest"/>
  <testcase name="indexPageTest2" time="33.022" classname="com.qa.testcases.IndexPageTest"/>
  <testcase name="indexPageTest3" time="34.733" classname="com.qa.testcases.IndexPageTest"/>
  <testcase name="indexPageTest4" time="27.720" classname="com.qa.testcases.IndexPageTest"/>
  <testcase name="indexPageTest5" time="30.044" classname="com.qa.testcases.IndexPageTest"/>
  <testcase name="indexPageTest6" time="26.220" classname="com.qa.testcases.IndexPageTest"/>
</testsuite> <!-- com.qa.testcases.IndexPageTest -->
